<?xml version="1.0" encoding="UTF-8"?>
<testng-results ignored="0" total="1" passed="1" failed="0" skipped="0">
  <reporter-output>
  </reporter-output>
  <suite started-at="2024-03-09T12:01:27 IST" name="Default suite" finished-at="2024-03-09T12:01:31 IST" duration-ms="4384">
    <groups>
    </groups>
    <test started-at="2024-03-09T12:01:27 IST" name="Default test" finished-at="2024-03-09T12:01:31 IST" duration-ms="4384">
      <class name="tetsngpkg.Assertionprgm">
        <test-method is-config="true" signature="beforeTest()[pri:0, instance:tetsngpkg.Assertionprgm@13fd2ccd]" started-at="2024-03-09T12:01:27 IST" name="beforeTest" finished-at="2024-03-09T12:01:31 IST" duration-ms="4277" status="PASS">
          <reporter-output>
          </reporter-output>
        </test-method> <!-- beforeTest -->
        <test-method signature="titleverification()[pri:0, instance:tetsngpkg.Assertionprgm@13fd2ccd]" started-at="2024-03-09T12:01:31 IST" name="titleverification" finished-at="2024-03-09T12:01:31 IST" duration-ms="43" status="PASS">
          <reporter-output>
          </reporter-output>
        </test-method> <!-- titleverification -->
      </class> <!-- tetsngpkg.Assertionprgm -->
    </test> <!-- Default test -->
  </suite> <!-- Default suite -->
</testng-results>
